0 info it worked if it ends with ok
1 verbose cli [ 'node',
1 verbose cli   '/usr/local/bin/npm',
1 verbose cli   'install',
1 verbose cli   'grunt-file-appen',
1 verbose cli   '--save-dev' ]
2 info using npm@1.4.28
3 info using node@v0.10.33
4 warn package.json pikaday-responsive@0.6.7 No repository field.
5 verbose readDependencies using package.json deps
6 verbose cache add [ 'grunt-file-appen', null ]
7 verbose cache add name=undefined spec="grunt-file-appen" args=["grunt-file-appen",null]
8 verbose parsed url { protocol: null,
8 verbose parsed url   slashes: null,
8 verbose parsed url   auth: null,
8 verbose parsed url   host: null,
8 verbose parsed url   port: null,
8 verbose parsed url   hostname: null,
8 verbose parsed url   hash: null,
8 verbose parsed url   search: null,
8 verbose parsed url   query: null,
8 verbose parsed url   pathname: 'grunt-file-appen',
8 verbose parsed url   path: 'grunt-file-appen',
8 verbose parsed url   href: 'grunt-file-appen' }
9 silly lockFile d9f8ba2a-grunt-file-appen grunt-file-appen
10 verbose lock grunt-file-appen /Users/home/.npm/d9f8ba2a-grunt-file-appen.lock
11 silly lockFile d9f8ba2a-grunt-file-appen grunt-file-appen
12 silly lockFile d9f8ba2a-grunt-file-appen grunt-file-appen
13 verbose addNamed [ 'grunt-file-appen', '' ]
14 verbose addNamed [ null, '*' ]
15 silly lockFile fea86c98-grunt-file-appen grunt-file-appen@
16 verbose lock grunt-file-appen@ /Users/home/.npm/fea86c98-grunt-file-appen.lock
17 silly addNameRange { name: 'grunt-file-appen', range: '*', hasData: false }
18 verbose request where is /grunt-file-appen
19 verbose request registry https://registry.npmjs.org/
20 verbose request id f29a552ff7d35289
21 verbose url raw /grunt-file-appen
22 verbose url resolving [ 'https://registry.npmjs.org/', './grunt-file-appen' ]
23 verbose url resolved https://registry.npmjs.org/grunt-file-appen
24 verbose request where is https://registry.npmjs.org/grunt-file-appen
25 info trying registry request attempt 1 at 20:51:14
26 http GET https://registry.npmjs.org/grunt-file-appen
27 http 404 https://registry.npmjs.org/grunt-file-appen
28 silly registry.get cb [ 404,
28 silly registry.get   { 'content-type': 'application/json',
28 silly registry.get     'cache-control': 'max-age=0',
28 silly registry.get     'content-length': '2',
28 silly registry.get     'accept-ranges': 'bytes',
28 silly registry.get     date: 'Sat, 20 Feb 2016 01:51:15 GMT',
28 silly registry.get     via: '1.1 varnish',
28 silly registry.get     age: '0',
28 silly registry.get     connection: 'keep-alive',
28 silly registry.get     'x-served-by': 'cache-atl6225-ATL',
28 silly registry.get     'x-cache': 'MISS',
28 silly registry.get     'x-cache-hits': '0',
28 silly registry.get     'x-timer': 'S1455933075.457807,VS0,VE28' } ]
29 silly lockFile fea86c98-grunt-file-appen grunt-file-appen@
30 silly lockFile fea86c98-grunt-file-appen grunt-file-appen@
31 error 404 Not Found
31 error 404
31 error 404 'grunt-file-appen' is not in the npm registry.
31 error 404 You should bug the author to publish it
31 error 404 It was specified as a dependency of 'pikaday-responsive'
31 error 404
31 error 404 Note that you can also install from a
31 error 404 tarball, folder, or http url, or git url.
32 error System Darwin 13.4.0
33 error command "node" "/usr/local/bin/npm" "install" "grunt-file-appen" "--save-dev"
34 error cwd /Users/home/Git/PikadayResponsive
35 error node -v v0.10.33
36 error npm -v 1.4.28
37 error code E404
38 verbose exit [ 1, true ]
